Determining if the pthread_create exist failed with the following output:
Change Dir: /mnt/c/final_project/106a-project/a1_soccer_vision/build/CMakeFiles/CMakeTmp

Run Build Command:"/usr/bin/make" "cmTC_36855/fast"
/usr/bin/make -f CMakeFiles/cmTC_36855.dir/build.make CMakeFiles/cmTC_36855.dir/build
make[1]: Entering directory '/mnt/c/final_project/106a-project/a1_soccer_vision/build/CMakeFiles/CMakeTmp'
Building C object CMakeFiles/cmTC_36855.dir/CheckSymbolExists.c.o
/usr/bin/cc    -o CMakeFiles/cmTC_36855.dir/CheckSymbolExists.c.o   -c /mnt/c/final_project/106a-project/a1_soccer_vision/build/CMakeFiles/CMakeTmp/CheckSymbolExists.c
Linking C executable cmTC_36855
/usr/bin/cmake -E cmake_link_script CMakeFiles/cmTC_36855.dir/link.txt --verbose=1
/usr/bin/cc      -rdynamic CMakeFiles/cmTC_36855.dir/CheckSymbolExists.c.o  -o cmTC_36855 
CMakeFiles/cmTC_36855.dir/CheckSymbolExists.c.o: In function `main':
CheckSymbolExists.c:(.text+0x1b): undefined reference to `pthread_create'
collect2: error: ld returned 1 exit status
CMakeFiles/cmTC_36855.dir/build.make:97: recipe for target 'cmTC_36855' failed
make[1]: *** [cmTC_36855] Error 1
make[1]: Leaving directory '/mnt/c/final_project/106a-project/a1_soccer_vision/build/CMakeFiles/CMakeTmp'
Makefile:126: recipe for target 'cmTC_36855/fast' failed
make: *** [cmTC_36855/fast] Error 2

File /mnt/c/final_project/106a-project/a1_soccer_vision/build/CMakeFiles/CMakeTmp/CheckSymbolExists.c:
/* */
#include <pthread.h>

int main(int argc, char** argv)
{
  (void)argv;
#ifndef pthread_create
  return ((int*)(&pthread_create))[argc];
#else
  (void)argc;
  return 0;
#endif
}

Determining if the function pthread_create exists in the pthreads failed with the following output:
Change Dir: /mnt/c/final_project/106a-project/a1_soccer_vision/build/CMakeFiles/CMakeTmp

Run Build Command:"/usr/bin/make" "cmTC_08aff/fast"
/usr/bin/make -f CMakeFiles/cmTC_08aff.dir/build.make CMakeFiles/cmTC_08aff.dir/build
make[1]: Entering directory '/mnt/c/final_project/106a-project/a1_soccer_vision/build/CMakeFiles/CMakeTmp'
Building C object CMakeFiles/cmTC_08aff.dir/CheckFunctionExists.c.o
/usr/bin/cc   -DCHECK_FUNCTION_EXISTS=pthread_create   -o CMakeFiles/cmTC_08aff.dir/CheckFunctionExists.c.o   -c /usr/share/cmake-3.10/Modules/CheckFunctionExists.c
Linking C executable cmTC_08aff
/usr/bin/cmake -E cmake_link_script CMakeFiles/cmTC_08aff.dir/link.txt --verbose=1
/usr/bin/cc  -DCHECK_FUNCTION_EXISTS=pthread_create    -rdynamic CMakeFiles/cmTC_08aff.dir/CheckFunctionExists.c.o  -o cmTC_08aff -lpthreads 
/usr/bin/ld: cannot find -lpthreads
collect2: error: ld returned 1 exit status
CMakeFiles/cmTC_08aff.dir/build.make:97: recipe for target 'cmTC_08aff' failed
make[1]: *** [cmTC_08aff] Error 1
make[1]: Leaving directory '/mnt/c/final_project/106a-project/a1_soccer_vision/build/CMakeFiles/CMakeTmp'
Makefile:126: recipe for target 'cmTC_08aff/fast' failed
make: *** [cmTC_08aff/fast] Error 2


